<?xml version="1.0" encoding="ISO-8859-1"?>
<root>
  <evcustomer>

    <beans>
      <socialGroup>
        <!-- this is how we create multiple instances -->
        <instances>under15,parttime,fulltime</instances>
        <under15>
          <id>0</id>
        </under15>
        <parttime>
          <id>1</id>
        </parttime>
        <fulltime>
          <id>2</id>
        </fulltime>
      </socialGroup>

      <!-- Join table socialGroup:socialClass -->
      <!-- Every group in SocialGroups has to be in every SocialClass -->
      <classGroup>
        <instances>HI_1_0,HI_1_1,HI_1_2,HI_2_0,HI_2_1,HI_2_2,LI_2_0,LI_2_1,LI_2_2,LI_3_0,LI_3_1,LI_3_2</instances>

        <!-- TODO Get realistic probabilities of groups per class -->

        <HI_1_0>
          <socialClassName>HighIncome_1</socialClassName>
          <groupId>0</groupId>
          <probability>0.125</probability>
          <maleProbability>0.50</maleProbability>
        </HI_1_0>
        <HI_1_1>
          <socialClassName>HighIncome_1</socialClassName>
          <groupId>1</groupId>
          <probability>0.125</probability>
          <maleProbability>0.50</maleProbability>
        </HI_1_1>
        <HI_1_2>
          <socialClassName>HighIncome_1</socialClassName>
          <groupId>2</groupId>
          <probability>0.125</probability>
          <maleProbability>0.50</maleProbability>
        </HI_1_2>

        <HI_2_0>
          <socialClassName>HighIncome_2</socialClassName>
          <groupId>0</groupId>
          <probability>0.125</probability>
          <maleProbability>0.50</maleProbability>
        </HI_2_0>
        <HI_2_1>
          <socialClassName>HighIncome_2</socialClassName>
          <groupId>1</groupId>
          <probability>0.125</probability>
          <maleProbability>0.50</maleProbability>
        </HI_2_1>
        <HI_2_2>
          <socialClassName>HighIncome_2</socialClassName>
          <groupId>2</groupId>
          <probability>0.125</probability>
          <maleProbability>0.50</maleProbability>
        </HI_2_2>

        <LI_2_0>
          <socialClassName>LowIncome_2</socialClassName>
          <groupId>0</groupId>
          <probability>0.125</probability>
          <maleProbability>0.50</maleProbability>
        </LI_2_0>
        <LI_2_1>
          <socialClassName>LowIncome_2</socialClassName>
          <groupId>1</groupId>
          <probability>0.125</probability>
          <maleProbability>0.50</maleProbability>
        </LI_2_1>
        <LI_2_2>
          <socialClassName>LowIncome_2</socialClassName>
          <groupId>2</groupId>
          <probability>0.125</probability>
          <maleProbability>0.50</maleProbability>
        </LI_2_2>

        <LI_3_0>
          <socialClassName>LowIncome_3</socialClassName>
          <groupId>0</groupId>
          <probability>0.125</probability>
          <maleProbability>0.50</maleProbability>
        </LI_3_0>
        <LI_3_1>
          <socialClassName>LowIncome_3</socialClassName>
          <groupId>1</groupId>
          <probability>0.125</probability>
          <maleProbability>0.50</maleProbability>
        </LI_3_1>
        <LI_3_2>
          <socialClassName>LowIncome_3</socialClassName>
          <groupId>2</groupId>
          <probability>0.125</probability>
          <maleProbability>0.50</maleProbability>
        </LI_3_2>
      </classGroup>

      <carType>
        <instances>Tesla_40_kWh,Nissan_Leaf_24_kWh</instances>
        <Tesla_40_kWh>
          <maxCapacity>40</maxCapacity>
          <range>257.6</range>
          <homeChargeKW>3.3</homeChargeKW>
          <awayChargeKW>3.3</awayChargeKW>
        </Tesla_40_kWh>
        <Nissan_Leaf_24_kWh>
          <maxCapacity>24</maxCapacity>
          <range>222.2</range>
          <homeChargeKW>6.6</homeChargeKW>
          <awayChargeKW>3.3</awayChargeKW>
        </Nissan_Leaf_24_kWh>
      </carType>

      <!-- Join table socialClass : carType -->
      <classCar>
        <instances>HI_1_T40,HI_1_L24,HI_2_T40,HI_2_L24,LI_2_T40,LI_2_L24,LI_3_T40,LI_3_L24</instances>
        <HI_1_T40>
          <socialClass>HighIncome_1</socialClass>
          <car>Tesla_40_kWh</car>
          <probability>0.8</probability>
        </HI_1_T40>
        <HI_1_L24>
          <socialClass>HighIncome_1</socialClass>
          <car>Nissan_Leaf_24_kWh</car>
          <probability>0.2</probability>
        </HI_1_L24>
        <HI_2_T40>
          <socialClass>HighIncome_2</socialClass>
          <car>Tesla_40_kWh</car>
          <probability>0.7</probability>
        </HI_2_T40>
        <HI_2_L24>
          <socialClass>HighIncome_2</socialClass>
          <car>Nissan_Leaf_24_kWh</car>
          <probability>0.3</probability>
        </HI_2_L24>
        <LI_2_T40>
          <socialClass>LowIncome_2</socialClass>
          <car>Tesla_40_kWh</car>
          <probability>0.2</probability>
        </LI_2_T40>
        <LI_2_L24>
          <socialClass>LowIncome_2</socialClass>
          <car>Nissan_Leaf_24_kWh</car>
          <probability>0.8</probability>
        </LI_2_L24>
        <LI_3_T40>
          <socialClass>LowIncome_3</socialClass>
          <car>Tesla_40_kWh</car>
          <probability>0.1</probability>
        </LI_3_T40>
        <LI_3_L24>
          <socialClass>LowIncome_3</socialClass>
          <car>Nissan_Leaf_24_kWh</car>
          <probability>0.9</probability>
        </LI_3_L24>
      </classCar>

      <activity>
        <instances>commuting,business_trip</instances>
        <commuting>
          <id>0</id>
          <weekdayWeight>0.99</weekdayWeight>
          <weekendWeight>0.1</weekendWeight>
        </commuting>
        <business_trip>
          <id>1</id>
          <weekdayWeight>0.4</weekdayWeight>
          <weekendWeight>0.1</weekendWeight>
        </business_trip>
      </activity>

      <!-- Join table group:activity -->
      <groupActivity>
        <instances>ga0_0,ga0_1,ga1_0,ga1_1,ga2_0,ga2_1</instances>
        <ga0_0>
          <groupId>0</groupId>
          <activityId>0</activityId>
          <maleDailyKm>0.09</maleDailyKm>
          <maleProbability>0.01</maleProbability>
          <femaleDailyKm>0.19</femaleDailyKm>
          <femaleProbability>0.01</femaleProbability>
        </ga0_0>
        <ga0_1>
          <groupId>0</groupId>
          <activityId>1</activityId>
          <maleDailyKm>0</maleDailyKm>
          <maleProbability>0</maleProbability>
          <femaleDailyKm>0</femaleDailyKm>
          <femaleProbability>0</femaleProbability>
        </ga0_1>

        <ga1_0>
          <groupId>1</groupId>
          <activityId>0</activityId>
          <maleDailyKm>10.62</maleDailyKm>
          <maleProbability>0.74</maleProbability>
          <femaleDailyKm>8.28</femaleDailyKm>
          <femaleProbability>0.78</femaleProbability>
        </ga1_0>
        <ga1_1>
          <groupId>1</groupId>
          <activityId>1</activityId>
          <maleDailyKm>0.82</maleDailyKm>
          <maleProbability>0.05</maleProbability>
          <femaleDailyKm>0.69</femaleDailyKm>
          <femaleProbability>0.03</femaleProbability>
        </ga1_1>

        <ga2_0>
          <groupId>2</groupId>
          <activityId>0</activityId>
          <maleDailyKm>23.31</maleDailyKm>
          <maleProbability>1.04</maleProbability>
          <femaleDailyKm>15.58</femaleDailyKm>
          <femaleProbability>0.99</femaleProbability>
        </ga2_0>
        <ga2_1>
          <groupId>2</groupId>
          <activityId>1</activityId>
          <maleDailyKm>4.99</maleDailyKm>
          <maleProbability>0.13</maleProbability>
          <femaleDailyKm>2.18</femaleDailyKm>
          <femaleProbability>0.08</femaleProbability>
        </ga2_1>
      </groupActivity>

    </beans>

    <customers>

      <!-- These are the top-level customer instance classes -->
      <evSocialClass>
        <instances>HighIncome_1,HighIncome_2,LowIncome_2,LowIncome_3</instances>

        <HighIncome_1>
          <minCount>15</minCount>
          <maxCount>25</maxCount>
        </HighIncome_1>

        <HighIncome_2>
          <minCount>15</minCount>
          <maxCount>25</maxCount>
        </HighIncome_2>

        <LowIncome_2>
          <minCount>10</minCount>
          <maxCount>20</maxCount>
        </LowIncome_2>

        <LowIncome_3>
          <minCount>10</minCount>
          <maxCount>20</maxCount>
        </LowIncome_3>
      </evSocialClass>
    </customers>

    <!-- This is the singleton common configuration stuff -->
    <config>
      <touFactor>0.25</touFactor>
      <interruptibilityFactor>0.01</interruptibilityFactor>
      <beanTypes>SocialGroup,ClassGroup,CarType,ClassCar,Activity,GroupActivity</beanTypes>
    </config>

    <!-- TODO We need proper day- and hour-weights -->
    <!-- For now, they aren't even used ... -->
  </evcustomer>
</root>
