<?xml version="1.0" encoding="UTF-8"?>
<beans xmlns="http://www.springframework.org/schema/beans"
       xmlns:xsi="http://www.w3.org/2001/XMLSchema-instance"
       xmlns:context="http://www.springframework.org/schema/context"
       xmlns:mockito="http://www.mockito.org/spring/mockito"
       xsi:schemaLocation="http://www.springframework.org/schema/beans 
	       http://www.springframework.org/schema/beans/spring-beans.xsd
	       http://www.springframework.org/schema/context 
	       http://www.springframework.org/schema/context/spring-context-3.0.xsd"
	       >

  <bean id="brokerProxy"
        class="org.mockito.Mockito"
        factory-method="mock">
    <constructor-arg value="org.powertac.common.interfaces.BrokerProxy" />
  </bean>

  <bean id="auctionService"
        class="org.mockito.Mockito"
        factory-method="mock">
    <constructor-arg value="org.powertac.common.interfaces.Auctioneer" />
  </bean>

  <bean id="competitionControlService"
        class="org.mockito.Mockito"
        factory-method="mock">
    <constructor-arg value="org.powertac.common.interfaces.CompetitionControl" />
  </bean>
  
  <bean id="serverConfigurationService"
        class="org.mockito.Mockito"
        factory-method="mock">
    <constructor-arg value="org.powertac.common.interfaces.ServerConfiguration" />
  </bean>

  <context:annotation-config />

  <bean id="timeService"
        class="org.powertac.common.TimeService">
  </bean>

  <bean id="timeslotRepo"
        class="org.powertac.common.repo.TimeslotRepo">
  </bean>

  <bean id="brokerRepo"
        class="org.powertac.common.repo.BrokerRepo">
  </bean>

  <bean id="springApplicationContext"
        class="org.powertac.common.spring.SpringApplicationContext" />

</beans>
